I2023-02-16 11:20:26.506035 instance.cpp:1270] Override Enabled Addons: {}
I2023-02-16 11:20:26.506190 instance.cpp:1271] Override Disabled Addons: {}
I2023-02-16 11:20:26.576224 addonmanager.cpp:191] Loaded addon xcb
I2023-02-16 11:20:26.599715 addonmanager.cpp:191] Loaded addon quickphrase
I2023-02-16 11:20:26.605109 addonmanager.cpp:191] Loaded addon imselector
I2023-02-16 11:20:26.624656 addonmanager.cpp:191] Loaded addon keyboard
I2023-02-16 11:20:26.636795 addonmanager.cpp:191] Loaded addon dbus
I2023-02-16 11:20:26.668332 addonmanager.cpp:191] Loaded addon ibusfrontend
I2023-02-16 11:20:26.677786 addonmanager.cpp:191] Loaded addon xim
E2023-02-16 11:20:26.683774 waylandmodule.cpp:243] Failed to open wayland connection
I2023-02-16 11:20:26.683832 addonmanager.cpp:191] Loaded addon wayland
I2023-02-16 11:20:26.689521 addonmanager.cpp:191] Loaded addon dbusfrontend
I2023-02-16 11:20:26.708929 addonmanager.cpp:191] Loaded addon fcitx4frontend
I2023-02-16 11:20:26.713448 addonmanager.cpp:191] Loaded addon clipboard
I2023-02-16 11:20:26.718455 addonmanager.cpp:191] Loaded addon waylandim
I2023-02-16 11:20:26.722962 addonmanager.cpp:191] Loaded addon unicode

(nitrogen:558): Gtk-WARNING **: 11:20:26.747: Unable to locate theme engine in module_path: "adwaita",

(pasystray:556): pasystray-WARNING **: 11:20:26.772: Error initializing Avahi: Daemon not running
I2023-02-16 11:20:26.788778 inputmethodmanager.cpp:198] Found 728 input method(s) in addon keyboard
I2023-02-16 11:20:26.821190 addonmanager.cpp:191] Loaded addon kimpanel
I2023-02-16 11:20:27.033245 addonmanager.cpp:191] Loaded addon classicui
I2023-02-16 11:20:27.035551 addonmanager.cpp:191] Loaded addon notificationitem
I2023-02-16 11:20:27.037576 addonmanager.cpp:191] Loaded addon notifications
I2023-02-16 11:20:27.052374 kimpanel.cpp:112] Kimpanel new owner: 

(nitrogen:558): Gtk-WARNING **: 11:20:27.093: Unable to locate theme engine in module_path: "adwaita",
blueman-applet 11.20.27 WARNING  PluginManager:151 __load_plugin: Not loading DhcpClient because its conflict has higher priority
blueman-applet 11.20.27 WARNING  PluginManager:151 __load_plugin: Not loading PPPSupport because its conflict has higher priority

(pasystray:556): GLib-GObject-WARNING **: 11:20:27.542: invalid cast from 'GtkImageMenuItem' to 'GtkRadioMenuItem'

(pasystray:556): Gtk-CRITICAL **: 11:20:27.542: gtk_radio_menu_item_get_group: assertion 'GTK_IS_RADIO_MENU_ITEM (radio_menu_item)' failed
I2023-02-16 11:20:28.156291 addonmanager.cpp:191] Loaded addon hangul
